<?xml version="1.0" encoding="UTF-8"?>
<!-- Generated by org.testng.reporters.JUnitReportReporter -->
<testsuite hostname="DESKTOP-GVQ48K3" failures="0" tests="4" name="mytest.Program1" time="16.888" errors="0" timestamp="2023-09-17T14:42:42 EDT" skipped="0">
  <testcase classname="mytest.Program1" name="verifyTitle" time="3.361"/>
  <testcase classname="mytest.Program1" name="HeroSearch" time="5.676"/>
  <testcase classname="mytest.Program1" name="ListofHeroes" time="3.862"/>
  <testcase classname="mytest.Program1" name="DeleteHero" time="3.989"/>
</testsuite> <!-- mytest.Program1 -->
